  main.cpp
E:\Iker\Tareas\CGeIHC\ProyectoCompuGrafica\ProyectoFinalCGeIHC\ProyectoFinalCGeIHC\Main.h(257,11): warning C4244: '=': conversion from 'double' to 'GLfloat', possible loss of data
  (compiling source file 'main.cpp')
  
E:\Iker\Tareas\CGeIHC\ProyectoCompuGrafica\ProyectoFinalCGeIHC\ProyectoFinalCGeIHC\Main.h(258,11): warning C4244: '=': conversion from 'double' to 'GLfloat', possible loss of data
  (compiling source file 'main.cpp')
  
E:\Iker\Tareas\CGeIHC\ProyectoCompuGrafica\ProyectoFinalCGeIHC\ProyectoFinalCGeIHC\Main.h(262,18): warning C4244: 'initializing': conversion from 'double' to 'GLfloat', possible loss of data
  (compiling source file 'main.cpp')
  
E:\Iker\Tareas\CGeIHC\ProyectoCompuGrafica\ProyectoFinalCGeIHC\ProyectoFinalCGeIHC\Main.h(263,18): warning C4244: 'initializing': conversion from 'double' to 'GLfloat', possible loss of data
  (compiling source file 'main.cpp')
  
E:\Iker\Tareas\CGeIHC\ProyectoCompuGrafica\ProyectoFinalCGeIHC\ProyectoFinalCGeIHC\Main.h(265,10): warning C4244: '=': conversion from 'double' to 'GLfloat', possible loss of data
  (compiling source file 'main.cpp')
  
E:\Iker\Tareas\CGeIHC\ProyectoCompuGrafica\ProyectoFinalCGeIHC\ProyectoFinalCGeIHC\Main.h(266,10): warning C4244: '=': conversion from 'double' to 'GLfloat', possible loss of data
  (compiling source file 'main.cpp')
  
E:\Iker\Tareas\CGeIHC\ProyectoCompuGrafica\ProyectoFinalCGeIHC\ProyectoFinalCGeIHC\Main.h(294,143): warning C4244: 'argument': conversion from 'double' to 'GLfloat', possible loss of data
  (compiling source file 'main.cpp')
  
E:\Iker\Tareas\CGeIHC\ProyectoCompuGrafica\ProyectoFinalCGeIHC\ProyectoFinalCGeIHC\Main.h(294,114): warning C4244: 'argument': conversion from 'double' to 'GLfloat', possible loss of data
  (compiling source file 'main.cpp')
  
E:\Iker\Tareas\CGeIHC\ProyectoCompuGrafica\ProyectoFinalCGeIHC\ProyectoFinalCGeIHC\Main.h(294,85): warning C4244: 'argument': conversion from 'double' to 'GLfloat', possible loss of data
  (compiling source file 'main.cpp')
  
E:\Iker\Tareas\CGeIHC\ProyectoCompuGrafica\ProyectoFinalCGeIHC\ProyectoFinalCGeIHC\Main.h(295,143): warning C4244: 'argument': conversion from 'double' to 'GLfloat', possible loss of data
  (compiling source file 'main.cpp')
  
E:\Iker\Tareas\CGeIHC\ProyectoCompuGrafica\ProyectoFinalCGeIHC\ProyectoFinalCGeIHC\Main.h(295,114): warning C4244: 'argument': conversion from 'double' to 'GLfloat', possible loss of data
  (compiling source file 'main.cpp')
  
E:\Iker\Tareas\CGeIHC\ProyectoCompuGrafica\ProyectoFinalCGeIHC\ProyectoFinalCGeIHC\Main.h(295,85): warning C4244: 'argument': conversion from 'double' to 'GLfloat', possible loss of data
  (compiling source file 'main.cpp')
  
E:\Iker\Tareas\CGeIHC\ProyectoCompuGrafica\ProyectoFinalCGeIHC\ProyectoFinalCGeIHC\Main.h(371,22): warning C4244: '=': conversion from 'double' to 'float', possible loss of data
  (compiling source file 'main.cpp')
  
E:\Iker\Tareas\CGeIHC\ProyectoCompuGrafica\ProyectoFinalCGeIHC\ProyectoFinalCGeIHC\main.cpp(110,24): warning C4244: 'initializing': conversion from 'double' to 'GLfloat', possible loss of data
LINK : warning LNK4098: defaultlib 'MSVCRT' conflicts with use of other libs; use /NODEFAULTLIB:library
soil2-debug.lib(etc1_utils.obj) : warning LNK4099: PDB '' was not found with 'soil2-debug.lib(etc1_utils.obj)' or at ''; linking object as if no debug info
soil2-debug.lib(image_DXT.obj) : warning LNK4099: PDB '' was not found with 'soil2-debug.lib(image_DXT.obj)' or at ''; linking object as if no debug info
soil2-debug.lib(image_helper.obj) : warning LNK4099: PDB '' was not found with 'soil2-debug.lib(image_helper.obj)' or at ''; linking object as if no debug info
soil2-debug.lib(SOIL2.obj) : warning LNK4099: PDB '' was not found with 'soil2-debug.lib(SOIL2.obj)' or at ''; linking object as if no debug info
  ProyectoFinalCGeIHC.vcxproj -> E:\Iker\Tareas\CGeIHC\ProyectoCompuGrafica\ProyectoFinalCGeIHC\Debug\ProyectoFinalCGeIHC.exe
